{
  "0 debug pnpm:scope": {
    "selected": 1,
    "total": 3,
    "workspacePrefix": "/Users/ross/Projects/repro-gql-codegen-urql"
  },
  "1 info pnpm": {
    "err": {
      "name": "Error",
      "message": "@repro-gql-codegen-urql/frontend@ dev: `vite`\nspawn ENOENT",
      "code": "ELIFECYCLE",
      "stack": "Error: @repro-gql-codegen-urql/frontend@ dev: `vite`\nspawn ENOENT\n    at ChildProcess.<anonymous> (/opt/homebrew/Cellar/node/17.0.1/pnpm-global/5/node_modules/.pnpm/pnpm@6.19.0/node_modules/pnpm/dist/pnpm.cjs:92961:22)\n    at ChildProcess.emit (node:events:390:28)\n    at maybeClose (node:internal/child_process:1062:16)\n    at Process.ChildProcess._handle.onexit (node:internal/child_process:301:5)"
    }
  },
  "2 error pnpm": {
    "code": "ERR_PNPM_RECURSIVE_RUN_FIRST_FAIL",
    "errno": "ENOENT",
    "syscall": "spawn",
    "file": "sh",
    "pkgid": "@repro-gql-codegen-urql/frontend@",
    "stage": "dev",
    "script": "vite",
    "pkgname": "@repro-gql-codegen-urql/frontend",
    "prefix": "/Users/ross/Projects/repro-gql-codegen-urql/packages/frontend",
    "err": {
      "name": "pnpm",
      "message": "@repro-gql-codegen-urql/frontend@ dev: `vite`\nspawn ENOENT",
      "code": "ERR_PNPM_RECURSIVE_RUN_FIRST_FAIL",
      "stack": "Error: @repro-gql-codegen-urql/frontend@ dev: `vite`\nspawn ENOENT\n    at ChildProcess.<anonymous> (/opt/homebrew/Cellar/node/17.0.1/pnpm-global/5/node_modules/.pnpm/pnpm@6.19.0/node_modules/pnpm/dist/pnpm.cjs:92961:22)\n    at ChildProcess.emit (node:events:390:28)\n    at maybeClose (node:internal/child_process:1062:16)\n    at Process.ChildProcess._handle.onexit (node:internal/child_process:301:5)"
    }
  }
}